
 /----------------------------------------------------------------------------\
 |                                                                            |
 |  yosys -- Yosys Open SYnthesis Suite                                       |
 |                                                                            |
 |  Copyright (C) 2012 - 2019  Clifford Wolf <clifford@clifford.at>           |
 |                                                                            |
 |  Permission to use, copy, modify, and/or distribute this software for any  |
 |  purpose with or without fee is hereby granted, provided that the above    |
 |  copyright notice and this permission notice appear in all copies.         |
 |                                                                            |
 |  THE SOFTWARE IS PROVIDED "AS IS" AND THE AUTHOR DISCLAIMS ALL WARRANTIES  |
 |  WITH REGARD TO THIS SOFTWARE INCLUDING ALL IMPLIED WARRANTIES OF          |
 |  MERCHANTABILITY AND FITNESS. IN NO EVENT SHALL THE AUTHOR BE LIABLE FOR   |
 |  ANY SPECIAL, DIRECT, INDIRECT, OR CONSEQUENTIAL DAMAGES OR ANY DAMAGES    |
 |  WHATSOEVER RESULTING FROM LOSS OF USE, DATA OR PROFITS, WHETHER IN AN     |
 |  ACTION OF CONTRACT, NEGLIGENCE OR OTHER TORTIOUS ACTION, ARISING OUT OF   |
 |  OR IN CONNECTION WITH THE USE OR PERFORMANCE OF THIS SOFTWARE.            |
 |                                                                            |
 \----------------------------------------------------------------------------/

 Yosys 0.9 (git sha1 1979e0b)


-- Executing script file `synthesis/synth_script.ys' --

1. Executing Verilog-2005 frontend: rtl/arbitro.v
Parsing Verilog input from `rtl/arbitro.v' to AST representation.
Generating RTLIL representation for module `\arbitro'.
Successfully finished Verilog frontend.

2. Executing HIERARCHY pass (managing design hierarchy).

2.1. Analyzing design hierarchy..
Top module:  \arbitro

2.2. Analyzing design hierarchy..
Top module:  \arbitro
Removed 0 unused modules.

3. Executing PROC pass (convert processes to netlists).

3.1. Executing PROC_CLEAN pass (remove empty switches from decision trees).
Cleaned up 0 empty switches.

3.2. Executing PROC_RMDEAD pass (remove dead branches from decision trees).
Removed 1 dead cases from process $proc$rtl/arbitro.v:102$15 in module arbitro.
Marked 2 switch rules as full_case in process $proc$rtl/arbitro.v:102$15 in module arbitro.
Removed 1 dead cases from process $proc$rtl/arbitro.v:74$14 in module arbitro.
Marked 5 switch rules as full_case in process $proc$rtl/arbitro.v:74$14 in module arbitro.
Marked 5 switch rules as full_case in process $proc$rtl/arbitro.v:48$8 in module arbitro.
Removed a total of 2 dead cases.

3.3. Executing PROC_INIT pass (extract init attributes).

3.4. Executing PROC_ARST pass (detect async resets in processes).

3.5. Executing PROC_MUX pass (convert decision trees to multiplexers).
Creating decoders for process `\arbitro.$proc$rtl/arbitro.v:102$15'.
     1/12: $2\push_p0[0:0]
     2/12: $2\push_p3[0:0]
     3/12: $2\push_p2[0:0]
     4/12: $2\push_p1[0:0]
     5/12: $1\push_p3[0:0]
     6/12: $1\push_p2[0:0]
     7/12: $1\push_p1[0:0]
     8/12: $1\push_p0[0:0]
     9/12: $0\push_p3[0:0]
    10/12: $0\push_p2[0:0]
    11/12: $0\push_p1[0:0]
    12/12: $0\push_p0[0:0]
Creating decoders for process `\arbitro.$proc$rtl/arbitro.v:74$14'.
     1/14: $1\data_out_0[9:0]
     2/14: $1\data_out_3[9:0]
     3/14: $1\data_out_2[9:0]
     4/14: $1\data_out_1[9:0]
     5/14: $4\mux_out[9:0]
     6/14: $3\mux_out[9:0]
     7/14: $2\mux_out[9:0]
     8/14: $1\mux_out[9:0]
     9/14: $0\data_out_3[9:0]
    10/14: $0\data_out_2[9:0]
    11/14: $0\data_out_1[9:0]
    12/14: $0\data_out_0[9:0]
    13/14: $0\mux_out[9:0]
    14/14: $0\dest[1:0]
Creating decoders for process `\arbitro.$proc$rtl/arbitro.v:48$8'.
     1/18: $5\pop_p3[0:0]
     2/18: $4\pop_p2[0:0]
     3/18: $4\pop_p3[0:0]
     4/18: $3\pop_p1[0:0]
     5/18: $3\pop_p3[0:0]
     6/18: $3\pop_p2[0:0]
     7/18: $2\pop_p0[0:0]
     8/18: $2\pop_p3[0:0]
     9/18: $2\pop_p2[0:0]
    10/18: $2\pop_p1[0:0]
    11/18: $1\pop_p3[0:0]
    12/18: $1\pop_p2[0:0]
    13/18: $1\pop_p1[0:0]
    14/18: $1\pop_p0[0:0]
    15/18: $0\pop_p3[0:0]
    16/18: $0\pop_p2[0:0]
    17/18: $0\pop_p1[0:0]
    18/18: $0\pop_p0[0:0]
Creating decoders for process `\arbitro.$proc$rtl/arbitro.v:40$1'.
     1/2: $0\in_FIFOS_empty[0:0]
     2/2: $0\out_FIFOS_almost_full[0:0]

3.6. Executing PROC_DLATCH pass (convert process syncs to latches).
No latch inferred for signal `\arbitro.\push_p0' from process `\arbitro.$proc$rtl/arbitro.v:102$15'.
No latch inferred for signal `\arbitro.\push_p1' from process `\arbitro.$proc$rtl/arbitro.v:102$15'.
No latch inferred for signal `\arbitro.\push_p2' from process `\arbitro.$proc$rtl/arbitro.v:102$15'.
No latch inferred for signal `\arbitro.\push_p3' from process `\arbitro.$proc$rtl/arbitro.v:102$15'.
No latch inferred for signal `\arbitro.\data_out_0' from process `\arbitro.$proc$rtl/arbitro.v:74$14'.
No latch inferred for signal `\arbitro.\data_out_1' from process `\arbitro.$proc$rtl/arbitro.v:74$14'.
No latch inferred for signal `\arbitro.\data_out_2' from process `\arbitro.$proc$rtl/arbitro.v:74$14'.
No latch inferred for signal `\arbitro.\data_out_3' from process `\arbitro.$proc$rtl/arbitro.v:74$14'.
No latch inferred for signal `\arbitro.\dest' from process `\arbitro.$proc$rtl/arbitro.v:74$14'.
No latch inferred for signal `\arbitro.\mux_out' from process `\arbitro.$proc$rtl/arbitro.v:74$14'.
No latch inferred for signal `\arbitro.\pop_p0' from process `\arbitro.$proc$rtl/arbitro.v:48$8'.
No latch inferred for signal `\arbitro.\pop_p1' from process `\arbitro.$proc$rtl/arbitro.v:48$8'.
No latch inferred for signal `\arbitro.\pop_p2' from process `\arbitro.$proc$rtl/arbitro.v:48$8'.
No latch inferred for signal `\arbitro.\pop_p3' from process `\arbitro.$proc$rtl/arbitro.v:48$8'.
No latch inferred for signal `\arbitro.\out_FIFOS_almost_full' from process `\arbitro.$proc$rtl/arbitro.v:40$1'.
No latch inferred for signal `\arbitro.\in_FIFOS_empty' from process `\arbitro.$proc$rtl/arbitro.v:40$1'.

3.7. Executing PROC_DFF pass (convert process syncs to FFs).

3.8. Executing PROC_CLEAN pass (remove empty switches from decision trees).
Found and cleaned up 2 empty switches in `\arbitro.$proc$rtl/arbitro.v:102$15'.
Removing empty process `arbitro.$proc$rtl/arbitro.v:102$15'.
Found and cleaned up 5 empty switches in `\arbitro.$proc$rtl/arbitro.v:74$14'.
Removing empty process `arbitro.$proc$rtl/arbitro.v:74$14'.
Found and cleaned up 5 empty switches in `\arbitro.$proc$rtl/arbitro.v:48$8'.
Removing empty process `arbitro.$proc$rtl/arbitro.v:48$8'.
Removing empty process `arbitro.$proc$rtl/arbitro.v:40$1'.
Cleaned up 12 empty switches.

4. Executing OPT pass (performing simple optimizations).

4.1. Executing OPT_EXPR pass (perform const folding).
Optimizing module arbitro.
<suppressed ~42 debug messages>

4.2. Executing OPT_MERGE pass (detect identical cells).
Finding identical cells in module `\arbitro'.
<suppressed ~87 debug messages>
Removed a total of 29 cells.

4.3. Executing OPT_MUXTREE pass (detect dead branches in mux trees).
Running muxtree optimizer on module \arbitro..
  Creating internal representation of mux trees.
  Evaluating internal representation of mux trees.
  Analyzing evaluation results.
    dead port 1/2 on $mux $procmux$126.
    dead port 2/2 on $mux $procmux$124.
    dead port 2/2 on $mux $procmux$121.
    dead port 2/2 on $mux $procmux$118.
    dead port 1/2 on $mux $procmux$108.
    dead port 1/2 on $mux $procmux$102.
    dead port 1/2 on $mux $procmux$99.
    dead port 1/2 on $mux $procmux$93.
    dead port 1/2 on $mux $procmux$90.
    dead port 1/2 on $mux $procmux$87.
    dead port 1/2 on $mux $procmux$201.
    dead port 1/2 on $mux $procmux$195.
    dead port 1/2 on $mux $procmux$189.
    dead port 1/2 on $mux $procmux$183.
    dead port 2/2 on $mux $procmux$49.
    dead port 1/2 on $mux $procmux$177.
    dead port 2/2 on $mux $procmux$175.
    dead port 1/2 on $mux $procmux$168.
    dead port 2/2 on $mux $procmux$41.
    dead port 2/2 on $mux $procmux$166.
    dead port 1/2 on $mux $procmux$159.
    dead port 2/2 on $mux $procmux$157.
    dead port 2/2 on $mux $procmux$33.
    dead port 1/2 on $mux $procmux$150.
    dead port 2/2 on $mux $procmux$148.
    dead port 2/2 on $mux $procmux$145.
    dead port 2/2 on $mux $procmux$25.
    dead port 1/2 on $mux $procmux$138.
    dead port 2/2 on $mux $procmux$136.
    dead port 2/2 on $mux $procmux$133.
Removed 30 multiplexer ports.
<suppressed ~13 debug messages>

4.4. Executing OPT_REDUCE pass (consolidate $*mux and $reduce_* inputs).
  Optimizing cells in module \arbitro.
    New ctrl vector for $pmux cell $procmux$63: { $procmux$82_CMP $auto$opt_reduce.cc:132:opt_mux$216 }
    New ctrl vector for $pmux cell $procmux$44: { $procmux$81_CMP $auto$opt_reduce.cc:132:opt_mux$218 }
    New ctrl vector for $pmux cell $procmux$78: { $procmux$81_CMP $auto$opt_reduce.cc:132:opt_mux$220 }
    New ctrl vector for $pmux cell $procmux$36: { $procmux$80_CMP $auto$opt_reduce.cc:132:opt_mux$222 }
    New ctrl vector for $pmux cell $procmux$73: { $procmux$80_CMP $auto$opt_reduce.cc:132:opt_mux$224 }
    New ctrl vector for $pmux cell $procmux$28: { $auto$opt_reduce.cc:132:opt_mux$226 $procmux$79_CMP }
    New ctrl vector for $pmux cell $procmux$68: { $auto$opt_reduce.cc:132:opt_mux$228 $procmux$79_CMP }
    New ctrl vector for $pmux cell $procmux$20: { $procmux$82_CMP $auto$opt_reduce.cc:132:opt_mux$230 }
    New input vector for $reduce_or cell $auto$opt_reduce.cc:126:opt_mux$215: { $procmux$79_CMP $procmux$80_CMP $procmux$81_CMP }
    New input vector for $reduce_or cell $auto$opt_reduce.cc:126:opt_mux$217: { $procmux$82_CMP $procmux$79_CMP $procmux$80_CMP }
    New input vector for $reduce_or cell $auto$opt_reduce.cc:126:opt_mux$219: { $procmux$82_CMP $procmux$79_CMP $procmux$80_CMP }
    New input vector for $reduce_or cell $auto$opt_reduce.cc:126:opt_mux$221: { $procmux$82_CMP $procmux$79_CMP $procmux$81_CMP }
    New input vector for $reduce_or cell $auto$opt_reduce.cc:126:opt_mux$223: { $procmux$82_CMP $procmux$79_CMP $procmux$81_CMP }
    New input vector for $reduce_or cell $auto$opt_reduce.cc:126:opt_mux$225: { $procmux$82_CMP $procmux$80_CMP $procmux$81_CMP }
    New input vector for $reduce_or cell $auto$opt_reduce.cc:126:opt_mux$227: { $procmux$82_CMP $procmux$80_CMP $procmux$81_CMP }
    New input vector for $reduce_or cell $auto$opt_reduce.cc:126:opt_mux$229: { $procmux$79_CMP $procmux$80_CMP $procmux$81_CMP }
  Optimizing cells in module \arbitro.
Performed a total of 16 changes.

4.5. Executing OPT_MERGE pass (detect identical cells).
Finding identical cells in module `\arbitro'.
<suppressed ~12 debug messages>
Removed a total of 4 cells.

4.6. Executing OPT_RMDFF pass (remove dff with constant values).

4.7. Executing OPT_CLEAN pass (remove unused cells and wires).
Finding unused cells or wires in module \arbitro..
Removed 4 unused cells and 180 unused wires.
<suppressed ~5 debug messages>

4.8. Executing OPT_EXPR pass (perform const folding).
Optimizing module arbitro.

4.9. Rerunning OPT passes. (Maybe there is more to do..)

4.10. Executing OPT_MUXTREE pass (detect dead branches in mux trees).
Running muxtree optimizer on module \arbitro..
  Creating internal representation of mux trees.
  Evaluating internal representation of mux trees.
  Analyzing evaluation results.
Removed 0 multiplexer ports.
<suppressed ~13 debug messages>

4.11. Executing OPT_REDUCE pass (consolidate $*mux and $reduce_* inputs).
  Optimizing cells in module \arbitro.
    New input vector for $reduce_or cell $auto$opt_reduce.cc:126:opt_mux$229: { $procmux$22_CMP $procmux$21_CMP $procmux$23_CMP }
    New input vector for $reduce_or cell $auto$opt_reduce.cc:126:opt_mux$227: { $procmux$22_CMP $procmux$23_CMP $procmux$24_CMP }
    New input vector for $reduce_or cell $auto$opt_reduce.cc:126:opt_mux$223: { $procmux$21_CMP $procmux$23_CMP $procmux$24_CMP }
    New input vector for $reduce_or cell $auto$opt_reduce.cc:126:opt_mux$219: { $procmux$22_CMP $procmux$21_CMP $procmux$24_CMP }
  Optimizing cells in module \arbitro.
Performed a total of 4 changes.

4.12. Executing OPT_MERGE pass (detect identical cells).
Finding identical cells in module `\arbitro'.
Removed a total of 0 cells.

4.13. Executing OPT_RMDFF pass (remove dff with constant values).

4.14. Executing OPT_CLEAN pass (remove unused cells and wires).
Finding unused cells or wires in module \arbitro..

4.15. Executing OPT_EXPR pass (perform const folding).
Optimizing module arbitro.

4.16. Rerunning OPT passes. (Maybe there is more to do..)

4.17. Executing OPT_MUXTREE pass (detect dead branches in mux trees).
Running muxtree optimizer on module \arbitro..
  Creating internal representation of mux trees.
  Evaluating internal representation of mux trees.
  Analyzing evaluation results.
Removed 0 multiplexer ports.
<suppressed ~13 debug messages>

4.18. Executing OPT_REDUCE pass (consolidate $*mux and $reduce_* inputs).
  Optimizing cells in module \arbitro.
Performed a total of 0 changes.

4.19. Executing OPT_MERGE pass (detect identical cells).
Finding identical cells in module `\arbitro'.
Removed a total of 0 cells.

4.20. Executing OPT_RMDFF pass (remove dff with constant values).

4.21. Executing OPT_CLEAN pass (remove unused cells and wires).
Finding unused cells or wires in module \arbitro..

4.22. Executing OPT_EXPR pass (perform const folding).
Optimizing module arbitro.

4.23. Finished OPT passes. (There is nothing left to do.)

5. Executing FSM pass (extract and optimize FSM).

5.1. Executing FSM_DETECT pass (finding FSMs in design).

5.2. Executing FSM_EXTRACT pass (extracting FSM from design).

5.3. Executing FSM_OPT pass (simple optimizations of FSMs).

5.4. Executing OPT_CLEAN pass (remove unused cells and wires).
Finding unused cells or wires in module \arbitro..

5.5. Executing FSM_OPT pass (simple optimizations of FSMs).

5.6. Executing FSM_RECODE pass (re-assigning FSM state encoding).

5.7. Executing FSM_INFO pass (dumping all available information on FSM cells).

5.8. Executing FSM_MAP pass (mapping FSMs to basic logic).

6. Executing OPT pass (performing simple optimizations).

6.1. Executing OPT_EXPR pass (perform const folding).
Optimizing module arbitro.

6.2. Executing OPT_MERGE pass (detect identical cells).
Finding identical cells in module `\arbitro'.
Removed a total of 0 cells.

6.3. Executing OPT_MUXTREE pass (detect dead branches in mux trees).
Running muxtree optimizer on module \arbitro..
  Creating internal representation of mux trees.
  Evaluating internal representation of mux trees.
  Analyzing evaluation results.
Removed 0 multiplexer ports.
<suppressed ~13 debug messages>

6.4. Executing OPT_REDUCE pass (consolidate $*mux and $reduce_* inputs).
  Optimizing cells in module \arbitro.
Performed a total of 0 changes.

6.5. Executing OPT_MERGE pass (detect identical cells).
Finding identical cells in module `\arbitro'.
Removed a total of 0 cells.

6.6. Executing OPT_RMDFF pass (remove dff with constant values).

6.7. Executing OPT_CLEAN pass (remove unused cells and wires).
Finding unused cells or wires in module \arbitro..

6.8. Executing OPT_EXPR pass (perform const folding).
Optimizing module arbitro.

6.9. Finished OPT passes. (There is nothing left to do.)

7. Executing MEMORY pass.

7.1. Executing MEMORY_DFF pass (merging $dff cells to $memrd and $memwr).

7.2. Executing OPT_CLEAN pass (remove unused cells and wires).
Finding unused cells or wires in module \arbitro..

7.3. Executing MEMORY_SHARE pass (consolidating $memrd/$memwr cells).

7.4. Executing OPT_CLEAN pass (remove unused cells and wires).
Finding unused cells or wires in module \arbitro..

7.5. Executing MEMORY_COLLECT pass (generating $mem cells).

7.6. Executing MEMORY_MAP pass (converting $mem cells to logic and flip-flops).

8. Executing OPT pass (performing simple optimizations).

8.1. Executing OPT_EXPR pass (perform const folding).
Optimizing module arbitro.

8.2. Executing OPT_MERGE pass (detect identical cells).
Finding identical cells in module `\arbitro'.
Removed a total of 0 cells.

8.3. Executing OPT_MUXTREE pass (detect dead branches in mux trees).
Running muxtree optimizer on module \arbitro..
  Creating internal representation of mux trees.
  Evaluating internal representation of mux trees.
  Analyzing evaluation results.
Removed 0 multiplexer ports.
<suppressed ~13 debug messages>

8.4. Executing OPT_REDUCE pass (consolidate $*mux and $reduce_* inputs).
  Optimizing cells in module \arbitro.
Performed a total of 0 changes.

8.5. Executing OPT_MERGE pass (detect identical cells).
Finding identical cells in module `\arbitro'.
Removed a total of 0 cells.

8.6. Executing OPT_RMDFF pass (remove dff with constant values).

8.7. Executing OPT_CLEAN pass (remove unused cells and wires).
Finding unused cells or wires in module \arbitro..

8.8. Executing OPT_EXPR pass (perform const folding).
Optimizing module arbitro.

8.9. Finished OPT passes. (There is nothing left to do.)

9. Executing TECHMAP pass (map to technology primitives).

9.1. Executing Verilog-2005 frontend: <techmap.v>
Parsing Verilog input from `<techmap.v>' to AST representation.
Generating RTLIL representation for module `\_90_simplemap_bool_ops'.
Generating RTLIL representation for module `\_90_simplemap_reduce_ops'.
Generating RTLIL representation for module `\_90_simplemap_logic_ops'.
Generating RTLIL representation for module `\_90_simplemap_compare_ops'.
Generating RTLIL representation for module `\_90_simplemap_various'.
Generating RTLIL representation for module `\_90_simplemap_registers'.
Generating RTLIL representation for module `\_90_shift_ops_shr_shl_sshl_sshr'.
Generating RTLIL representation for module `\_90_shift_shiftx'.
Generating RTLIL representation for module `\_90_fa'.
Generating RTLIL representation for module `\_90_lcu'.
Generating RTLIL representation for module `\_90_alu'.
Generating RTLIL representation for module `\_90_macc'.
Generating RTLIL representation for module `\_90_alumacc'.
Generating RTLIL representation for module `\$__div_mod_u'.
Generating RTLIL representation for module `\$__div_mod'.
Generating RTLIL representation for module `\_90_div'.
Generating RTLIL representation for module `\_90_mod'.
Generating RTLIL representation for module `\_90_pow'.
Generating RTLIL representation for module `\_90_pmux'.
Generating RTLIL representation for module `\_90_lut'.
Successfully finished Verilog frontend.

9.2. Continuing TECHMAP pass.
Using extmapper simplemap for cells of type $logic_or.
Using extmapper simplemap for cells of type $logic_and.
Using extmapper simplemap for cells of type $reduce_or.
Using extmapper simplemap for cells of type $logic_not.
Using template $paramod\_90_pmux\WIDTH=1\S_WIDTH=2 for cells of type $pmux.
Using extmapper simplemap for cells of type $mux.
Using template $paramod\_90_pmux\WIDTH=10\S_WIDTH=2 for cells of type $pmux.
Using extmapper simplemap for cells of type $eq.
Using extmapper simplemap for cells of type $and.
No more expansions possible.
<suppressed ~145 debug messages>

10. Executing DFFLIBMAP pass (mapping DFF cells to sequential cells from liberty file).
  cell DFF (noninv, pins=3, area=18.00) is a direct match for cell type $_DFF_P_.
  cell DFFSR (noninv, pins=5, area=18.00) is a direct match for cell type $_DFFSR_PPP_.
  create mapping for $_DFFSR_PNP_ from mapping for $_DFFSR_PPP_.
  create mapping for $_DFFSR_PNN_ from mapping for $_DFFSR_PNP_.
  create mapping for $_DFFSR_PPN_ from mapping for $_DFFSR_PNN_.
  create mapping for $_DFF_N_ from mapping for $_DFF_P_.
  create mapping for $_DFFSR_NNN_ from mapping for $_DFFSR_PNN_.
  create mapping for $_DFFSR_NPN_ from mapping for $_DFFSR_NNN_.
  create mapping for $_DFFSR_NNP_ from mapping for $_DFFSR_NNN_.
  create mapping for $_DFFSR_NPP_ from mapping for $_DFFSR_NNP_.
  create mapping for $_DFF_NN0_ from mapping for $_DFFSR_NNN_.
  create mapping for $_DFF_NN1_ from mapping for $_DFFSR_NNN_.
  create mapping for $_DFF_NP0_ from mapping for $_DFFSR_NPP_.
  create mapping for $_DFF_NP1_ from mapping for $_DFFSR_NPP_.
  create mapping for $_DFF_PN0_ from mapping for $_DFFSR_PNN_.
  create mapping for $_DFF_PN1_ from mapping for $_DFFSR_PNN_.
  create mapping for $_DFF_PP0_ from mapping for $_DFFSR_PPP_.
  create mapping for $_DFF_PP1_ from mapping for $_DFFSR_PPP_.
  final dff cell mappings:
    DFF _DFF_N_ (.C(~C), .D( D), .Q( Q));
    DFF _DFF_P_ (.C( C), .D( D), .Q( Q));
    DFFSR _DFF_NN0_ (.C(~C), .D( D), .Q( Q), .R(~R), .S( 0));
    DFFSR _DFF_NN1_ (.C(~C), .D( D), .Q( Q), .R( 0), .S(~R));
    DFFSR _DFF_NP0_ (.C(~C), .D( D), .Q( Q), .R( R), .S( 0));
    DFFSR _DFF_NP1_ (.C(~C), .D( D), .Q( Q), .R( 0), .S( R));
    DFFSR _DFF_PN0_ (.C( C), .D( D), .Q( Q), .R(~R), .S( 0));
    DFFSR _DFF_PN1_ (.C( C), .D( D), .Q( Q), .R( 0), .S(~R));
    DFFSR _DFF_PP0_ (.C( C), .D( D), .Q( Q), .R( R), .S( 0));
    DFFSR _DFF_PP1_ (.C( C), .D( D), .Q( Q), .R( 0), .S( R));
    DFFSR _DFFSR_NNN_ (.C(~C), .D( D), .Q( Q), .R(~R), .S(~S));
    DFFSR _DFFSR_NNP_ (.C(~C), .D( D), .Q( Q), .R( R), .S(~S));
    DFFSR _DFFSR_NPN_ (.C(~C), .D( D), .Q( Q), .R(~R), .S( S));
    DFFSR _DFFSR_NPP_ (.C(~C), .D( D), .Q( Q), .R( R), .S( S));
    DFFSR _DFFSR_PNN_ (.C( C), .D( D), .Q( Q), .R(~R), .S(~S));
    DFFSR _DFFSR_PNP_ (.C( C), .D( D), .Q( Q), .R( R), .S(~S));
    DFFSR _DFFSR_PPN_ (.C( C), .D( D), .Q( Q), .R(~R), .S( S));
    DFFSR _DFFSR_PPP_ (.C( C), .D( D), .Q( Q), .R( R), .S( S));
Mapping DFF cells in module `\arbitro':

11. Executing ABC pass (technology mapping using ABC).

11.1. Extracting gate netlist of module `\arbitro' to `<abc-temp-dir>/input.blif'..
Extracted 273 gates and 324 wires to a netlist network with 48 inputs and 48 outputs.

11.1.1. Executing ABC.
Running ABC command: berkeley-abc -s -f <abc-temp-dir>/abc.script 2>&1
ABC: ABC command line: "source <abc-temp-dir>/abc.script".
ABC: 
ABC: + read_blif <abc-temp-dir>/input.blif 
ABC: + read_lib -w /mnt/c/Users/Isaac/Desktop/VII/Circuitos_digitales_II/Proyecto/Proyecto-Digitales-II-G3/parte2_capa_transaccion/Arbitro/synthesis/cmos_cells/cmos_cells.lib 
ABC: Parsing finished successfully.  Parsing time =     0.00 sec
ABC: Warning: Templates are not defined.
ABC: Libery parser cannot read "time_unit".  Assuming   time_unit : "1ns".
ABC: Libery parser cannot read "capacitive_load_unit". Assuming   capacitive_load_unit(1, pf).
ABC: Scl_LibertyReadGenlib() skipped sequential cell "DFF".
ABC: Scl_LibertyReadGenlib() skipped sequential cell "DFFSR".
ABC: Library "demo" from "/mnt/c/Users/Isaac/Desktop/VII/Circuitos_digitales_II/Proyecto/Proyecto-Digitales-II-G3/parte2_capa_transaccion/Arbitro/synthesis/cmos_cells/cmos_cells.lib" has 4 cells (2 skipped: 2 seq; 0 tri-state; 0 no func; 0 dont_use).  Time =     0.00 sec
ABC: Memory =    0.00 MB. Time =     0.00 sec
ABC: + strash 
ABC: + ifraig 
ABC: + scorr 
ABC: Warning: The network is combinational (run "fraig" or "fraig_sweep").
ABC: + dc2 
ABC: + dretime 
ABC: + retime 
ABC: + strash 
ABC: + &get -n 
ABC: + &dch -f 
ABC: + &nf 
ABC: + &put 
ABC: + write_blif <abc-temp-dir>/output.blif 

11.1.2. Re-integrating ABC results.
ABC RESULTS:              NAND cells:       74
ABC RESULTS:               NOR cells:       53
ABC RESULTS:               NOT cells:       13
ABC RESULTS:          _const0_ cells:        4
ABC RESULTS:        internal signals:      228
ABC RESULTS:           input signals:       48
ABC RESULTS:          output signals:       48
Removing temp directory.
Removed 0 unused cells and 370 unused wires.

12. Executing Verilog backend.
Dumping module `\arbitro'.

End of script. Logfile hash: 4a628ada30
CPU: user 0.15s system 0.00s, MEM: 16.97 MB total, 11.43 MB resident
Yosys 0.9 (git sha1 1979e0b)
Time spent: 17% 2x write_verilog (0 sec), 12% 8x opt_clean (0 sec), ...
